<?xml version="1.0" encoding="UTF-8"?>
<!-- Generated by org.testng.reporters.JUnitXMLReporter -->
<testsuite ignored="0" hostname="DESKTOP-21OGGBD" failures="2" tests="8" name="Smoke" time="39.493" errors="0" timestamp="2023-09-18T11:48:09 EDT">
  <testcase classname="testcases.LoginTest" name="enterInvalidEmailLogin" time="4.397"/>
  <testcase classname="testcases.LoginTest" name="openCourseGallery" time="6.181">
    <failure type="java.lang.AssertionError" message="expected [Choose your area of expertise] but found [Business Analyst]">
      <![CDATA[java.lang.AssertionError: expected [Choose your area of expertise] but found [Business Analyst]
at pageobject.CourseGalleryPage.hardAsserts(CourseGalleryPage.java:41)
at testcases.LoginTest.openCourseGallery(LoginTest.java:25)
at java.base/java.util.ArrayList.forEach(ArrayList.java:1511)
... Removed 35 stack frames]]>
    </failure>
  </testcase> <!-- openCourseGallery -->
  <testcase classname="testcases.LoginTest" name="openSignInPage" time="2.548"/>
  <testcase classname="testcases.LoginTest" name="openSignUpPage" time="2.807">
    <failure type="java.lang.AssertionError" message="The following asserts failed:
	expected [Already have] but found [Already have an account? Log In],
	expected [8] but found [14],
	expected [Email address] but found [Email]">
      <![CDATA[java.lang.AssertionError: The following asserts failed:
expected [Already have] but found [Already have an account? Log In],
expected [8] but found [14],
expected [Email address] but found [Email]
at pageobject.SignUpPage.softAsserts(SignUpPage.java:60)
at testcases.LoginTest.openSignUpPage(LoginTest.java:43)
at java.base/java.util.ArrayList.forEach(ArrayList.java:1511)
... Removed 31 stack frames]]>
    </failure>
  </testcase> <!-- openSignUpPage -->
  <testcase classname="testcases.LoginTest" name="startDriver" time="1.946"/>
  <testcase classname="testcases.LoginTest" name="validateCheckBox" time="2.909"/>
  <testcase classname="testcases.LoginTest" name="validateEmailPasswordLogin" time="3.157"/>
  <testcase classname="testcases.LoginTest" name="validateError" time="7.966"/>
</testsuite> <!-- Smoke -->
