<!DOCTYPE html PUBLIC "-//W3C//DTD XHTML 1.1//EN" "https://www.w3.org/TR/xhtml11/DTD/xhtml11.dtd">
<html xmlns="https://www.w3.org/1999/xhtml">
<head>
<meta http-equiv="content-type" content="text/html; charset=UTF-8"/>
<title>TestNG Report</title>
<style type="text/css">table {margin-bottom:10px;border-collapse:collapse;empty-cells:show}th,td {border:1px solid #009;padding:.25em .5em}th {vertical-align:bottom}td {vertical-align:top}table a {font-weight:bold}.stripe td {background-color: #E6EBF9}.num {text-align:right}.passedodd td {background-color: #3F3}.passedeven td {background-color: #0A0}.skippedodd td {background-color: #DDD}.skippedeven td {background-color: #CCC}.failedodd td,.attn {background-color: #F33}.failedeven td,.stripe .attn {background-color: #D00}.stacktrace {white-space:pre;font-family:monospace}.totop {font-size:85%;text-align:center;border-bottom:2px solid #000}.invisible {display:none}</style>
</head>
<body>
<table>
<tr><th>Test</th><th># Passed</th><th># Skipped</th><th># Retried</th><th># Failed</th><th>Time (ms)</th><th>Included Groups</th><th>Excluded Groups</th></tr>
<tr><th colspan="8">My Fork</th></tr>
<tr><td><a href="#t0">Regression</a></td><td class="num">7</td><td class="num">0</td><td class="num">0</td><td class="num attn">2</td><td class="num">45,089</td><td></td><td></td></tr>
<tr class="stripe"><td><a href="#t1">Smoke</a></td><td class="num">6</td><td class="num">0</td><td class="num">0</td><td class="num attn">2</td><td class="num">39,493</td><td></td><td></td></tr>
<tr><th>Total</th><th class="num">13</th><th class="num">0</th><th class="num">0</th><th class="num attn">4</th><th class="num">84,582</th><th colspan="2"></th></tr>
</table>
<table id='summary'><thead><tr><th>Class</th><th>Method</th><th>Start</th><th>Time (ms)</th></tr></thead><tbody><tr><th colspan="4">My Fork</th></tr></tbody><tbody id="t0"><tr><th colspan="4">Regression &#8212; failed</th></tr><tr class="failedeven"><td rowspan="2">testcases.LoginTest</td><td><a href="#m0">openCourseGallery</a></td><td rowspan="1">1695052010754</td><td rowspan="1">2653</td></tr><tr class="failedeven"><td><a href="#m1">openSignUpPage</a></td><td rowspan="1">1695052017769</td><td rowspan="1">3045</td></tr><tr><th colspan="4">Regression &#8212; passed</th></tr><tr class="passedeven"><td rowspan="1">testcases.DropdownTest</td><td><a href="#m2">dropdown</a></td><td rowspan="1">1695052046479</td><td rowspan="1">2870</td></tr><tr class="passedodd"><td rowspan="6">testcases.LoginTest</td><td><a href="#m3">enterInvalidEmailLogin</a></td><td rowspan="1">1695052006076</td><td rowspan="1">3753</td></tr><tr class="passedodd"><td><a href="#m4">openSignInPage</a></td><td rowspan="1">1695052014391</td><td rowspan="1">2396</td></tr><tr class="passedodd"><td><a href="#m5">startDriver</a></td><td rowspan="1">1695052021878</td><td rowspan="1">1865</td></tr><tr class="passedodd"><td><a href="#m6">validateCheckBox</a></td><td rowspan="1">1695052024740</td><td rowspan="1">2982</td></tr><tr class="passedodd"><td><a href="#m7">validateEmailPasswordLogin</a></td><td rowspan="1">1695052028676</td><td rowspan="1">7291</td></tr><tr class="passedodd"><td><a href="#m8">validateError</a></td><td rowspan="1">1695052036889</td><td rowspan="1">8628</td></tr></tbody>
<tbody id="t1"><tr><th colspan="4">Smoke &#8212; failed</th></tr><tr class="failedeven"><td rowspan="2">testcases.LoginTest</td><td><a href="#m9">openCourseGallery</a></td><td rowspan="1">1695052055763</td><td rowspan="1">6181</td></tr><tr class="failedeven"><td><a href="#m10">openSignUpPage</a></td><td rowspan="1">1695052066352</td><td rowspan="1">2807</td></tr><tr><th colspan="4">Smoke &#8212; passed</th></tr><tr class="passedeven"><td rowspan="6">testcases.LoginTest</td><td><a href="#m11">enterInvalidEmailLogin</a></td><td rowspan="1">1695052050431</td><td rowspan="1">4397</td></tr><tr class="passedeven"><td><a href="#m12">openSignInPage</a></td><td rowspan="1">1695052062885</td><td rowspan="1">2548</td></tr><tr class="passedeven"><td><a href="#m13">startDriver</a></td><td rowspan="1">1695052070082</td><td rowspan="1">1946</td></tr><tr class="passedeven"><td><a href="#m14">validateCheckBox</a></td><td rowspan="1">1695052073033</td><td rowspan="1">2909</td></tr><tr class="passedeven"><td><a href="#m15">validateEmailPasswordLogin</a></td><td rowspan="1">1695052076907</td><td rowspan="1">3157</td></tr><tr class="passedeven"><td><a href="#m16">validateError</a></td><td rowspan="1">1695052080958</td><td rowspan="1">7966</td></tr></tbody>
</table>
<h2>Regression</h2><h3 id="m0">testcases.LoginTest#openCourseGallery</h3><table class="result"><tr><th>Exception</th></tr><tr><td><div class="stacktrace">java.lang.AssertionError: expected [Choose your area of expertise] but found [Business Analyst]
	at pageobject.CourseGalleryPage.hardAsserts(CourseGalleryPage.java:41)
	at testcases.LoginTest.openCourseGallery(LoginTest.java:25)
	at java.base/java.util.ArrayList.forEach(ArrayList.java:1511)
... Removed 35 stack frames</div></td></tr></table><p class="totop"><a href="#summary">back to summary</a></p>
<h3 id="m1">testcases.LoginTest#openSignUpPage</h3><table class="result"><tr><th>Exception</th></tr><tr><td><div class="stacktrace">java.lang.AssertionError: The following asserts failed:
	expected [Already have] but found [Already have an account? Log In],
	expected [8] but found [14],
	expected [Email address] but found [Email]
	at pageobject.SignUpPage.softAsserts(SignUpPage.java:60)
	at testcases.LoginTest.openSignUpPage(LoginTest.java:43)
	at java.base/java.util.ArrayList.forEach(ArrayList.java:1511)
... Removed 31 stack frames</div></td></tr></table><p class="totop"><a href="#summary">back to summary</a></p>
<h3 id="m2">testcases.DropdownTest#dropdown</h3><table class="result"><tr><th class="invisible"/></tr></table><p class="totop"><a href="#summary">back to summary</a></p>
<h3 id="m3">testcases.LoginTest#enterInvalidEmailLogin</h3><table class="result"><tr><th class="invisible"/></tr></table><p class="totop"><a href="#summary">back to summary</a></p>
<h3 id="m4">testcases.LoginTest#openSignInPage</h3><table class="result"><tr><th class="invisible"/></tr></table><p class="totop"><a href="#summary">back to summary</a></p>
<h3 id="m5">testcases.LoginTest#startDriver</h3><table class="result"><tr><th class="invisible"/></tr></table><p class="totop"><a href="#summary">back to summary</a></p>
<h3 id="m6">testcases.LoginTest#validateCheckBox</h3><table class="result"><tr><th class="invisible"/></tr></table><p class="totop"><a href="#summary">back to summary</a></p>
<h3 id="m7">testcases.LoginTest#validateEmailPasswordLogin</h3><table class="result"><tr><th class="invisible"/></tr></table><p class="totop"><a href="#summary">back to summary</a></p>
<h3 id="m8">testcases.LoginTest#validateError</h3><table class="result"><tr><th class="invisible"/></tr></table><p class="totop"><a href="#summary">back to summary</a></p>
<h2>Smoke</h2><h3 id="m9">testcases.LoginTest#openCourseGallery</h3><table class="result"><tr><th>Exception</th></tr><tr><td><div class="stacktrace">java.lang.AssertionError: expected [Choose your area of expertise] but found [Business Analyst]
	at pageobject.CourseGalleryPage.hardAsserts(CourseGalleryPage.java:41)
	at testcases.LoginTest.openCourseGallery(LoginTest.java:25)
	at java.base/java.util.ArrayList.forEach(ArrayList.java:1511)
... Removed 35 stack frames</div></td></tr></table><p class="totop"><a href="#summary">back to summary</a></p>
<h3 id="m10">testcases.LoginTest#openSignUpPage</h3><table class="result"><tr><th>Exception</th></tr><tr><td><div class="stacktrace">java.lang.AssertionError: The following asserts failed:
	expected [Already have] but found [Already have an account? Log In],
	expected [8] but found [14],
	expected [Email address] but found [Email]
	at pageobject.SignUpPage.softAsserts(SignUpPage.java:60)
	at testcases.LoginTest.openSignUpPage(LoginTest.java:43)
	at java.base/java.util.ArrayList.forEach(ArrayList.java:1511)
... Removed 31 stack frames</div></td></tr></table><p class="totop"><a href="#summary">back to summary</a></p>
<h3 id="m11">testcases.LoginTest#enterInvalidEmailLogin</h3><table class="result"><tr><th class="invisible"/></tr></table><p class="totop"><a href="#summary">back to summary</a></p>
<h3 id="m12">testcases.LoginTest#openSignInPage</h3><table class="result"><tr><th class="invisible"/></tr></table><p class="totop"><a href="#summary">back to summary</a></p>
<h3 id="m13">testcases.LoginTest#startDriver</h3><table class="result"><tr><th class="invisible"/></tr></table><p class="totop"><a href="#summary">back to summary</a></p>
<h3 id="m14">testcases.LoginTest#validateCheckBox</h3><table class="result"><tr><th class="invisible"/></tr></table><p class="totop"><a href="#summary">back to summary</a></p>
<h3 id="m15">testcases.LoginTest#validateEmailPasswordLogin</h3><table class="result"><tr><th class="invisible"/></tr></table><p class="totop"><a href="#summary">back to summary</a></p>
<h3 id="m16">testcases.LoginTest#validateError</h3><table class="result"><tr><th class="invisible"/></tr></table><p class="totop"><a href="#summary">back to summary</a></p>
</body>
</html>
